<?xml version="1.0" ?>
<coverage version="7.11.0" timestamp="1761815206932" lines-valid="3166" lines-covered="0" line-rate="0" branches-valid="1060" branches-covered="0" branch-rate="0" complexity="0">
	<!-- Generated by coverage.py: https://coverage.readthedocs.io/en/7.11.0 -->
	<!-- Based on https://raw.githubusercontent.com/cobertura/web/master/htdocs/xml/coverage-04.dtd -->
	<sources>
		<source>/Users/joerg.von.livonius/Development/vsc-extension-scanner/vscode_scanner</source>
	</sources>
	<packages>
		<package name="." line-rate="0" branch-rate="0" complexity="0">
			<classes>
				<class name="cache_manager.py" filename="cache_manager.py" complexity="0" line-rate="0" branch-rate="0">
					<methods/>
					<lines>
						<line number="9" hits="0"/>
						<line number="10" hits="0"/>
						<line number="11" hits="0"/>
						<line number="12" hits="0"/>
						<line number="13" hits="0"/>
						<line number="14" hits="0"/>
						<line number="15" hits="0"/>
						<line number="16" hits="0"/>
						<line number="17" hits="0"/>
						<line number="18" hits="0"/>
						<line number="19" hits="0"/>
						<line number="21" hits="0"/>
						<line number="30" hits="0"/>
						<line number="31" hits="0"/>
						<line number="32" hits="0"/>
						<line number="35" hits="0"/>
						<line number="38" hits="0"/>
						<line number="40" hits="0"/>
						<line number="48" hits="0"/>
						<line number="49" hits="0"/>
						<line number="50" hits="0"/>
						<line number="53" hits="0"/>
						<line number="54" hits="0" branch="true" condition-coverage="0% (0/2)" missing-branches="58,73"/>
						<line number="58" hits="0"/>
						<line number="59" hits="0"/>
						<line number="62" hits="0"/>
						<line number="63" hits="0"/>
						<line number="66" hits="0"/>
						<line number="68" hits="0"/>
						<line number="69" hits="0"/>
						<line number="71" hits="0"/>
						<line number="73" hits="0"/>
						<line number="75" hits="0"/>
						<line number="78" hits="0" branch="true" condition-coverage="0% (0/2)" missing-branches="79,83"/>
						<line number="79" hits="0" branch="true" condition-coverage="0% (0/2)" missing-branches="80,83"/>
						<line number="80" hits="0"/>
						<line number="83" hits="0" branch="true" condition-coverage="0% (0/2)" missing-branches="84,108"/>
						<line number="84" hits="0"/>
						<line number="86" hits="0" branch="true" condition-coverage="0% (0/2)" missing-branches="88,93"/>
						<line number="88" hits="0"/>
						<line number="90" hits="0"/>
						<line number="92" hits="0"/>
						<line number="93" hits="0" branch="true" condition-coverage="0% (0/2)" missing-branches="95,98"/>
						<line number="95" hits="0"/>
						<line number="97" hits="0"/>
						<line number="98" hits="0" branch="true" condition-coverage="0% (0/2)" missing-branches="100,101"/>
						<line number="100" hits="0"/>
						<line number="101" hits="0"/>
						<line number="106" hits="0"/>
						<line number="108" hits="0"/>
						<line number="111" hits="0"/>
						<line number="113" hits="0"/>
						<line number="129" hits="0"/>
						<line number="131" hits="0"/>
						<line number="132" hits="0" branch="true" condition-coverage="0% (0/2)" missing-branches="134,146"/>
						<line number="134" hits="0"/>
						<line number="135" hits="0"/>
						<line number="136" hits="0" branch="true" condition-coverage="0% (0/2)" missing-branches="137,140"/>
						<line number="137" hits="0"/>
						<line number="140" hits="0"/>
						<line number="146" hits="0"/>
						<line number="149" hits="0"/>
						<line number="150" hits="0"/>
						<line number="151" hits="0"/>
						<line number="153" hits="0"/>
						<line number="155" hits="0"/>
						<line number="157" hits="0"/>
						<line number="158" hits="0"/>
						<line number="162" hits="0"/>
						<line number="166" hits="0"/>
						<line number="168" hits="0"/>
						<line number="183" hits="0"/>
						<line number="184" hits="0"/>
						<line number="186" hits="0"/>
						<line number="201" hits="0" branch="true" condition-coverage="0% (0/2)" missing-branches="202,204"/>
						<line number="202" hits="0"/>
						<line number="204" hits="0"/>
						<line number="205" hits="0"/>
						<line number="207" hits="0"/>
						<line number="208" hits="0"/>
						<line number="209" hits="0"/>
						<line number="211" hits="0"/>
						<line number="229" hits="0"/>
						<line number="231" hits="0"/>
						<line number="232" hits="0"/>
						<line number="246" hits="0"/>
						<line number="247" hits="0"/>
						<line number="248" hits="0"/>
						<line number="250" hits="0"/>
						<line number="252" hits="0"/>
						<line number="259" hits="0"/>
						<line number="260" hits="0"/>
						<line number="261" hits="0"/>
						<line number="262" hits="0"/>
						<line number="263" hits="0"/>
						<line number="264" hits="0"/>
						<line number="268" hits="0" branch="true" condition-coverage="0% (0/2)" missing-branches="269,271"/>
						<line number="269" hits="0"/>
						<line number="271" hits="0"/>
						<line number="274" hits="0"/>
						<line number="278" hits="0"/>
						<line number="280" hits="0"/>
						<line number="281" hits="0"/>
						<line number="282" hits="0"/>
						<line number="286" hits="0"/>
						<line number="288" hits="0"/>
						<line number="297" hits="0"/>
						<line number="299" hits="0"/>
						<line number="300" hits="0"/>
						<line number="307" hits="0"/>
						<line number="309" hits="0"/>
						<line number="310" hits="0"/>
						<line number="312" hits="0"/>
						<line number="318" hits="0"/>
						<line number="321" hits="0"/>
						<line number="326" hits="0"/>
						<line number="328" hits="0"/>
						<line number="335" hits="0"/>
						<line number="336" hits="0"/>
						<line number="337" hits="0"/>
						<line number="344" hits="0"/>
						<line number="351" hits="0"/>
						<line number="353" hits="0"/>
						<line number="357" hits="0"/>
						<line number="361" hits="0" branch="true" condition-coverage="0% (0/2)" missing-branches="362,365"/>
						<line number="362" hits="0"/>
						<line number="365" hits="0"/>
						<line number="367" hits="0"/>
						<line number="368" hits="0"/>
						<line number="371" hits="0"/>
						<line number="393" hits="0"/>
						<line number="403" hits="0"/>
						<line number="409" hits="0"/>
						<line number="415" hits="0"/>
						<line number="421" hits="0"/>
						<line number="427" hits="0"/>
						<line number="433" hits="0"/>
						<line number="441" hits="0"/>
						<line number="446" hits="0"/>
						<line number="448" hits="0"/>
						<line number="450" hits="0" branch="true" condition-coverage="0% (0/2)" missing-branches="451,453"/>
						<line number="451" hits="0"/>
						<line number="453" hits="0"/>
						<line number="454" hits="0"/>
						<line number="455" hits="0"/>
						<line number="458" hits="0"/>
						<line number="464" hits="0" branch="true" condition-coverage="0% (0/2)" missing-branches="465,468"/>
						<line number="465" hits="0"/>
						<line number="468" hits="0"/>
						<line number="469" hits="0"/>
						<line number="472" hits="0"/>
						<line number="474" hits="0"/>
						<line number="475" hits="0"/>
						<line number="477" hits="0"/>
						<line number="479" hits="0"/>
						<line number="480" hits="0"/>
						<line number="481" hits="0"/>
						<line number="482" hits="0"/>
						<line number="485" hits="0"/>
						<line number="486" hits="0"/>
						<line number="487" hits="0"/>
						<line number="488" hits="0"/>
						<line number="490" hits="0"/>
						<line number="498" hits="0"/>
						<line number="510" hits="0"/>
						<line number="512" hits="0"/>
						<line number="513" hits="0"/>
						<line number="514" hits="0"/>
						<line number="517" hits="0"/>
						<line number="518" hits="0"/>
						<line number="520" hits="0" branch="true" condition-coverage="0% (0/2)" missing-branches="522,525"/>
						<line number="522" hits="0"/>
						<line number="525" hits="0"/>
						<line number="531" hits="0"/>
						<line number="537" hits="0"/>
						<line number="543" hits="0"/>
						<line number="551" hits="0"/>
						<line number="557" hits="0"/>
						<line number="563" hits="0"/>
						<line number="572" hits="0"/>
						<line number="573" hits="0"/>
						<line number="575" hits="0" branch="true" condition-coverage="0% (0/2)" missing-branches="576,579"/>
						<line number="576" hits="0"/>
						<line number="577" hits="0"/>
						<line number="579" hits="0"/>
						<line number="580" hits="0"/>
						<line number="581" hits="0"/>
						<line number="584" hits="0"/>
						<line number="585" hits="0" branch="true" condition-coverage="0% (0/2)" missing-branches="586,629"/>
						<line number="586" hits="0"/>
						<line number="587" hits="0"/>
						<line number="590" hits="0"/>
						<line number="591" hits="0"/>
						<line number="592" hits="0"/>
						<line number="593" hits="0"/>
						<line number="594" hits="0"/>
						<line number="595" hits="0"/>
						<line number="596" hits="0"/>
						<line number="597" hits="0"/>
						<line number="600" hits="0"/>
						<line number="611" hits="0" branch="true" condition-coverage="0% (0/2)" missing-branches="612,617"/>
						<line number="612" hits="0"/>
						<line number="613" hits="0"/>
						<line number="614" hits="0"/>
						<line number="617" hits="0" branch="true" condition-coverage="0% (0/2)" missing-branches="585,618"/>
						<line number="618" hits="0"/>
						<line number="624" hits="0"/>
						<line number="626" hits="0"/>
						<line number="629" hits="0" branch="true" condition-coverage="0% (0/2)" missing-branches="630,633"/>
						<line number="630" hits="0"/>
						<line number="631" hits="0"/>
						<line number="633" hits="0" branch="true" condition-coverage="0% (0/2)" missing-branches="634,640"/>
						<line number="634" hits="0"/>
						<line number="635" hits="0"/>
						<line number="640" hits="0"/>
						<line number="645" hits="0"/>
						<line number="647" hits="0"/>
						<line number="648" hits="0"/>
						<line number="649" hits="0"/>
						<line number="651" hits="0"/>
						<line number="653" hits="0"/>
						<line number="654" hits="0"/>
						<line number="655" hits="0"/>
						<line number="658" hits="0"/>
						<line number="659" hits="0"/>
						<line number="661" hits="0" branch="true" condition-coverage="0% (0/2)" missing-branches="663,665"/>
						<line number="663" hits="0"/>
						<line number="665" hits="0"/>
						<line number="668" hits="0"/>
						<line number="676" hits="0"/>
						<line number="681" hits="0"/>
						<line number="682" hits="0"/>
						<line number="684" hits="0"/>
						<line number="685" hits="0"/>
						<line number="688" hits="0"/>
						<line number="690" hits="0"/>
						<line number="692" hits="0"/>
						<line number="693" hits="0"/>
						<line number="694" hits="0"/>
						<line number="697" hits="0"/>
						<line number="698" hits="0"/>
						<line number="700" hits="0" branch="true" condition-coverage="0% (0/2)" missing-branches="702,704"/>
						<line number="702" hits="0"/>
						<line number="704" hits="0"/>
						<line number="705" hits="0"/>
						<line number="708" hits="0"/>
						<line number="719" hits="0"/>
						<line number="724" hits="0"/>
						<line number="725" hits="0"/>
						<line number="726" hits="0"/>
						<line number="728" hits="0"/>
						<line number="729" hits="0"/>
						<line number="732" hits="0"/>
						<line number="734" hits="0"/>
						<line number="751" hits="0"/>
						<line number="752" hits="0"/>
						<line number="753" hits="0"/>
						<line number="756" hits="0"/>
						<line number="757" hits="0"/>
						<line number="759" hits="0"/>
						<line number="770" hits="0"/>
						<line number="772" hits="0" branch="true" condition-coverage="0% (0/2)" missing-branches="773,807"/>
						<line number="773" hits="0"/>
						<line number="776" hits="0" branch="true" condition-coverage="0% (0/2)" missing-branches="777,793"/>
						<line number="777" hits="0" branch="true" condition-coverage="0% (0/2)" missing-branches="781,799"/>
						<line number="781" hits="0"/>
						<line number="785" hits="0"/>
						<line number="789" hits="0"/>
						<line number="793" hits="0"/>
						<line number="797" hits="0"/>
						<line number="799" hits="0"/>
						<line number="802" hits="0"/>
						<line number="803" hits="0"/>
						<line number="805" hits="0"/>
						<line number="807" hits="0"/>
						<line number="809" hits="0"/>
						<line number="811" hits="0"/>
						<line number="812" hits="0"/>
						<line number="813" hits="0"/>
						<line number="815" hits="0"/>
						<line number="825" hits="0" branch="true" condition-coverage="0% (0/2)" missing-branches="826,828"/>
						<line number="826" hits="0"/>
						<line number="828" hits="0"/>
						<line number="829" hits="0"/>
						<line number="830" hits="0"/>
						<line number="833" hits="0"/>
						<line number="834" hits="0"/>
						<line number="835" hits="0"/>
						<line number="837" hits="0"/>
						<line number="838" hits="0"/>
						<line number="841" hits="0"/>
						<line number="842" hits="0"/>
						<line number="845" hits="0"/>
						<line number="846" hits="0"/>
						<line number="853" hits="0"/>
						<line number="854" hits="0"/>
						<line number="857" hits="0"/>
						<line number="858" hits="0"/>
						<line number="859" hits="0"/>
						<line number="862" hits="0"/>
						<line number="863" hits="0"/>
						<line number="866" hits="0"/>
						<line number="869" hits="0"/>
						<line number="874" hits="0"/>
						<line number="897" hits="0"/>
						<line number="899" hits="0"/>
						<line number="901" hits="0"/>
						<line number="902" hits="0"/>
						<line number="904" hits="0"/>
						<line number="909" hits="0" branch="true" condition-coverage="0% (0/2)" missing-branches="911,913"/>
						<line number="911" hits="0"/>
						<line number="913" hits="0"/>
						<line number="914" hits="0"/>
						<line number="915" hits="0"/>
						<line number="917" hits="0"/>
						<line number="930" hits="0" branch="true" condition-coverage="0% (0/2)" missing-branches="931,933"/>
						<line number="931" hits="0"/>
						<line number="933" hits="0" branch="true" condition-coverage="0% (0/2)" missing-branches="935,938"/>
						<line number="935" hits="0"/>
						<line number="936" hits="0"/>
						<line number="938" hits="0"/>
						<line number="940" hits="0"/>
						<line number="941" hits="0"/>
						<line number="942" hits="0"/>
						<line number="944" hits="0"/>
						<line number="945" hits="0"/>
						<line number="948" hits="0"/>
						<line number="949" hits="0"/>
						<line number="952" hits="0"/>
						<line number="953" hits="0"/>
						<line number="960" hits="0"/>
						<line number="961" hits="0"/>
						<line number="964" hits="0"/>
						<line number="965" hits="0"/>
						<line number="966" hits="0"/>
						<line number="969" hits="0"/>
						<line number="970" hits="0"/>
						<line number="973" hits="0"/>
						<line number="976" hits="0"/>
						<line number="979" hits="0"/>
						<line number="1002" hits="0"/>
						<line number="1004" hits="0"/>
						<line number="1006" hits="0"/>
						<line number="1009" hits="0"/>
						<line number="1011" hits="0"/>
						<line number="1012" hits="0"/>
						<line number="1014" hits="0"/>
						<line number="1016" hits="0" branch="true" condition-coverage="0% (0/2)" missing-branches="exit,1017"/>
						<line number="1017" hits="0"/>
						<line number="1018" hits="0"/>
						<line number="1019" hits="0"/>
						<line number="1020" hits="0"/>
						<line number="1023" hits="0"/>
						<line number="1024" hits="0"/>
						<line number="1025" hits="0"/>
						<line number="1027" hits="0"/>
						<line number="1031" hits="0" branch="true" condition-coverage="0% (0/2)" missing-branches="1032,1034"/>
						<line number="1032" hits="0"/>
						<line number="1034" hits="0"/>
						<line number="1035" hits="0"/>
						<line number="1036" hits="0"/>
						<line number="1037" hits="0"/>
						<line number="1038" hits="0"/>
						<line number="1039" hits="0"/>
						<line number="1041" hits="0"/>
						<line number="1042" hits="0"/>
						<line number="1043" hits="0"/>
						<line number="1044" hits="0"/>
						<line number="1045" hits="0"/>
						<line number="1046" hits="0"/>
						<line number="1048" hits="0"/>
						<line number="1060" hits="0"/>
						<line number="1061" hits="0"/>
						<line number="1062" hits="0"/>
						<line number="1064" hits="0"/>
						<line number="1065" hits="0"/>
						<line number="1067" hits="0"/>
						<line number="1075" hits="0"/>
						<line number="1076" hits="0"/>
						<line number="1079" hits="0" branch="true" condition-coverage="0% (0/2)" missing-branches="1080,1082"/>
						<line number="1080" hits="0"/>
						<line number="1082" hits="0"/>
						<line number="1084" hits="0"/>
						<line number="1085" hits="0"/>
						<line number="1086" hits="0"/>
						<line number="1087" hits="0"/>
						<line number="1089" hits="0"/>
						<line number="1101" hits="0"/>
						<line number="1103" hits="0" branch="true" condition-coverage="0% (0/2)" missing-branches="1104,1106"/>
						<line number="1104" hits="0"/>
						<line number="1106" hits="0"/>
						<line number="1108" hits="0"/>
						<line number="1111" hits="0"/>
						<line number="1115" hits="0" branch="true" condition-coverage="0% (0/2)" missing-branches="1116,1124"/>
						<line number="1116" hits="0"/>
						<line number="1117" hits="0"/>
						<line number="1124" hits="0" branch="true" condition-coverage="0% (0/2)" missing-branches="1125,1127"/>
						<line number="1125" hits="0"/>
						<line number="1127" hits="0"/>
						<line number="1128" hits="0"/>
						<line number="1131" hits="0"/>
						<line number="1136" hits="0"/>
						<line number="1144" hits="0"/>
						<line number="1145" hits="0"/>
						<line number="1148" hits="0" branch="true" condition-coverage="0% (0/2)" missing-branches="1149,1151"/>
						<line number="1149" hits="0"/>
						<line number="1151" hits="0"/>
						<line number="1153" hits="0"/>
						<line number="1154" hits="0"/>
						<line number="1155" hits="0"/>
						<line number="1156" hits="0"/>
						<line number="1158" hits="0"/>
						<line number="1170" hits="0"/>
						<line number="1171" hits="0"/>
						<line number="1172" hits="0"/>
						<line number="1175" hits="0"/>
						<line number="1176" hits="0"/>
						<line number="1179" hits="0"/>
						<line number="1186" hits="0"/>
						<line number="1191" hits="0"/>
						<line number="1198" hits="0"/>
						<line number="1201" hits="0"/>
						<line number="1207" hits="0"/>
						<line number="1208" hits="0"/>
						<line number="1215" hits="0"/>
						<line number="1221" hits="0"/>
						<line number="1222" hits="0"/>
						<line number="1229" hits="0"/>
						<line number="1230" hits="0"/>
						<line number="1231" hits="0"/>
						<line number="1233" hits="0"/>
						<line number="1234" hits="0" branch="true" condition-coverage="0% (0/2)" missing-branches="1235,1247"/>
						<line number="1235" hits="0"/>
						<line number="1236" hits="0" branch="true" condition-coverage="0% (0/2)" missing-branches="1237,1243"/>
						<line number="1237" hits="0"/>
						<line number="1238" hits="0"/>
						<line number="1239" hits="0"/>
						<line number="1240" hits="0"/>
						<line number="1241" hits="0"/>
						<line number="1242" hits="0"/>
						<line number="1243" hits="0" branch="true" condition-coverage="0% (0/2)" missing-branches="1244,1247"/>
						<line number="1244" hits="0"/>
						<line number="1247" hits="0"/>
						<line number="1248" hits="0"/>
						<line number="1249" hits="0"/>
						<line number="1257" hits="0"/>
						<line number="1260" hits="0"/>
						<line number="1263" hits="0"/>
						<line number="1265" hits="0"/>
						<line number="1278" hits="0"/>
						<line number="1279" hits="0"/>
						<line number="1280" hits="0"/>
						<line number="1281" hits="0"/>
						<line number="1283" hits="0"/>
						<line number="1297" hits="0"/>
						<line number="1299" hits="0"/>
						<line number="1301" hits="0" branch="true" condition-coverage="0% (0/2)" missing-branches="1302,1304"/>
						<line number="1302" hits="0"/>
						<line number="1304" hits="0" branch="true" condition-coverage="0% (0/2)" missing-branches="1305,1307"/>
						<line number="1305" hits="0"/>
						<line number="1307" hits="0"/>
						<line number="1309" hits="0"/>
						<line number="1311" hits="0"/>
						<line number="1313" hits="0"/>
						<line number="1320" hits="0"/>
						<line number="1321" hits="0"/>
						<line number="1322" hits="0"/>
						<line number="1324" hits="0"/>
						<line number="1325" hits="0"/>
						<line number="1327" hits="0"/>
						<line number="1328" hits="0"/>
						<line number="1331" hits="0" branch="true" condition-coverage="0% (0/2)" missing-branches="1332,1334"/>
						<line number="1332" hits="0"/>
						<line number="1334" hits="0"/>
						<line number="1336" hits="0"/>
						<line number="1337" hits="0"/>
						<line number="1338" hits="0"/>
						<line number="1339" hits="0"/>
						<line number="1341" hits="0"/>
						<line number="1348" hits="0"/>
						<line number="1349" hits="0"/>
						<line number="1350" hits="0"/>
						<line number="1352" hits="0"/>
						<line number="1360" hits="0"/>
						<line number="1361" hits="0" branch="true" condition-coverage="0% (0/2)" missing-branches="1362,1372"/>
						<line number="1362" hits="0"/>
						<line number="1372" hits="0"/>
						<line number="1374" hits="0"/>
						<line number="1375" hits="0"/>
						<line number="1376" hits="0"/>
						<line number="1377" hits="0"/>
						<line number="1379" hits="0"/>
						<line number="1393" hits="0"/>
						<line number="1394" hits="0"/>
						<line number="1395" hits="0"/>
						<line number="1398" hits="0"/>
						<line number="1399" hits="0"/>
						<line number="1401" hits="0"/>
						<line number="1411" hits="0"/>
						<line number="1412" hits="0" branch="true" condition-coverage="0% (0/2)" missing-branches="1413,1418"/>
						<line number="1413" hits="0"/>
						<line number="1414" hits="0"/>
						<line number="1415" hits="0"/>
						<line number="1416" hits="0"/>
						<line number="1418" hits="0"/>
						<line number="1420" hits="0"/>
						<line number="1421" hits="0"/>
						<line number="1422" hits="0"/>
					</lines>
				</class>
				<class name="cli.py" filename="cli.py" complexity="0" line-rate="0" branch-rate="0">
					<methods/>
					<lines>
						<line number="8" hits="0"/>
						<line number="9" hits="0"/>
						<line number="10" hits="0"/>
						<line number="12" hits="0"/>
						<line number="13" hits="0"/>
						<line number="15" hits="0"/>
						<line number="16" hits="0"/>
						<line number="17" hits="0"/>
						<line number="18" hits="0"/>
						<line number="26" hits="0"/>
						<line number="29" hits="0"/>
						<line number="38" hits="0"/>
						<line number="45" hits="0"/>
						<line number="48" hits="0"/>
						<line number="55" hits="0"/>
						<line number="58" hits="0"/>
						<line number="60" hits="0" branch="true" condition-coverage="0% (0/2)" missing-branches="61,62"/>
						<line number="61" hits="0"/>
						<line number="62" hits="0"/>
						<line number="65" hits="0"/>
						<line number="69" hits="0" branch="true" condition-coverage="0% (0/2)" missing-branches="70,71"/>
						<line number="70" hits="0"/>
						<line number="71" hits="0"/>
						<line number="74" hits="0"/>
						<line number="75" hits="0"/>
						<line number="259" hits="0" branch="true" condition-coverage="0% (0/2)" missing-branches="260,263"/>
						<line number="260" hits="0"/>
						<line number="261" hits="0"/>
						<line number="263" hits="0" branch="true" condition-coverage="0% (0/2)" missing-branches="264,270"/>
						<line number="264" hits="0"/>
						<line number="267" hits="0"/>
						<line number="270" hits="0"/>
						<line number="271" hits="0"/>
						<line number="273" hits="0"/>
						<line number="277" hits="0" branch="true" condition-coverage="0% (0/2)" missing-branches="278,279"/>
						<line number="278" hits="0"/>
						<line number="279" hits="0" branch="true" condition-coverage="0% (0/2)" missing-branches="280,281"/>
						<line number="280" hits="0"/>
						<line number="281" hits="0" branch="true" condition-coverage="0% (0/2)" missing-branches="282,283"/>
						<line number="282" hits="0"/>
						<line number="283" hits="0" branch="true" condition-coverage="0% (0/2)" missing-branches="284,285"/>
						<line number="284" hits="0"/>
						<line number="285" hits="0" branch="true" condition-coverage="0% (0/2)" missing-branches="286,287"/>
						<line number="286" hits="0"/>
						<line number="287" hits="0" branch="true" condition-coverage="0% (0/2)" missing-branches="288,289"/>
						<line number="288" hits="0"/>
						<line number="289" hits="0" branch="true" condition-coverage="0% (0/2)" missing-branches="290,291"/>
						<line number="290" hits="0"/>
						<line number="291" hits="0" branch="true" condition-coverage="0% (0/2)" missing-branches="292,293"/>
						<line number="292" hits="0"/>
						<line number="293" hits="0" branch="true" condition-coverage="0% (0/2)" missing-branches="294,295"/>
						<line number="294" hits="0"/>
						<line number="295" hits="0" branch="true" condition-coverage="0% (0/2)" missing-branches="296,297"/>
						<line number="296" hits="0"/>
						<line number="297" hits="0" branch="true" condition-coverage="0% (0/2)" missing-branches="298,299"/>
						<line number="298" hits="0"/>
						<line number="299" hits="0" branch="true" condition-coverage="0% (0/2)" missing-branches="300,301"/>
						<line number="300" hits="0"/>
						<line number="301" hits="0" branch="true" condition-coverage="0% (0/2)" missing-branches="302,305"/>
						<line number="302" hits="0"/>
						<line number="305" hits="0"/>
						<line number="306" hits="0"/>
						<line number="307" hits="0"/>
						<line number="308" hits="0"/>
						<line number="309" hits="0"/>
						<line number="310" hits="0"/>
						<line number="311" hits="0"/>
						<line number="312" hits="0"/>
						<line number="313" hits="0"/>
						<line number="316" hits="0" branch="true" condition-coverage="0% (0/2)" missing-branches="317,324"/>
						<line number="317" hits="0"/>
						<line number="321" hits="0"/>
						<line number="324" hits="0" branch="true" condition-coverage="0% (0/2)" missing-branches="325,331"/>
						<line number="325" hits="0"/>
						<line number="328" hits="0"/>
						<line number="331" hits="0" branch="true" condition-coverage="0% (0/2)" missing-branches="332,338"/>
						<line number="332" hits="0"/>
						<line number="333" hits="0"/>
						<line number="334" hits="0"/>
						<line number="335" hits="0"/>
						<line number="336" hits="0"/>
						<line number="338" hits="0" branch="true" condition-coverage="0% (0/2)" missing-branches="339,349"/>
						<line number="339" hits="0"/>
						<line number="340" hits="0"/>
						<line number="345" hits="0"/>
						<line number="346" hits="0"/>
						<line number="347" hits="0"/>
						<line number="349" hits="0" branch="true" condition-coverage="0% (0/2)" missing-branches="350,359"/>
						<line number="350" hits="0"/>
						<line number="351" hits="0"/>
						<line number="354" hits="0"/>
						<line number="355" hits="0"/>
						<line number="356" hits="0"/>
						<line number="359" hits="0"/>
						<line number="360" hits="0"/>
						<line number="361" hits="0"/>
						<line number="364" hits="0" branch="true" condition-coverage="0% (0/2)" missing-branches="365,369"/>
						<line number="365" hits="0" branch="true" condition-coverage="0% (0/2)" missing-branches="366,369"/>
						<line number="366" hits="0"/>
						<line number="369" hits="0"/>
						<line number="370" hits="0"/>
						<line number="393" hits="0"/>
						<line number="394" hits="0"/>
						<line number="396" hits="0"/>
						<line number="397" hits="0"/>
						<line number="398" hits="0"/>
						<line number="399" hits="0"/>
						<line number="400" hits="0"/>
						<line number="401" hits="0"/>
						<line number="402" hits="0"/>
						<line number="404" hits="0"/>
						<line number="405" hits="0"/>
						<line number="408" hits="0"/>
						<line number="422" hits="0"/>
						<line number="423" hits="0" branch="true" condition-coverage="0% (0/2)" missing-branches="424,429"/>
						<line number="424" hits="0" branch="true" condition-coverage="0% (0/2)" missing-branches="425,427"/>
						<line number="425" hits="0"/>
						<line number="427" hits="0"/>
						<line number="429" hits="0"/>
						<line number="431" hits="0"/>
						<line number="443" hits="0"/>
						<line number="445" hits="0"/>
						<line number="447" hits="0"/>
						<line number="448" hits="0"/>
						<line number="449" hits="0"/>
						<line number="452" hits="0" branch="true" condition-coverage="0% (0/2)" missing-branches="453,459"/>
						<line number="453" hits="0"/>
						<line number="454" hits="0"/>
						<line number="455" hits="0" branch="true" condition-coverage="0% (0/2)" missing-branches="456,459"/>
						<line number="456" hits="0"/>
						<line number="459" hits="0" branch="true" condition-coverage="0% (0/2)" missing-branches="460,466"/>
						<line number="460" hits="0"/>
						<line number="461" hits="0"/>
						<line number="462" hits="0" branch="true" condition-coverage="0% (0/2)" missing-branches="463,466"/>
						<line number="463" hits="0"/>
						<line number="466" hits="0"/>
						<line number="467" hits="0" branch="true" condition-coverage="0% (0/2)" missing-branches="exit,468"/>
						<line number="468" hits="0"/>
						<line number="469" hits="0"/>
						<line number="472" hits="0"/>
						<line number="474" hits="0"/>
						<line number="475" hits="0"/>
						<line number="476" hits="0"/>
						<line number="477" hits="0"/>
						<line number="478" hits="0"/>
						<line number="480" hits="0" branch="true" condition-coverage="0% (0/2)" missing-branches="481,486"/>
						<line number="481" hits="0"/>
						<line number="482" hits="0"/>
						<line number="483" hits="0" branch="true" condition-coverage="0% (0/2)" missing-branches="484,486"/>
						<line number="484" hits="0"/>
						<line number="486" hits="0" branch="true" condition-coverage="0% (0/2)" missing-branches="487,492"/>
						<line number="487" hits="0"/>
						<line number="488" hits="0"/>
						<line number="489" hits="0" branch="true" condition-coverage="0% (0/2)" missing-branches="490,492"/>
						<line number="490" hits="0"/>
						<line number="492" hits="0"/>
						<line number="493" hits="0" branch="true" condition-coverage="0% (0/2)" missing-branches="494,497"/>
						<line number="494" hits="0"/>
						<line number="495" hits="0"/>
						<line number="497" hits="0"/>
						<line number="500" hits="0"/>
						<line number="501" hits="0"/>
						<line number="537" hits="0"/>
						<line number="539" hits="0"/>
						<line number="540" hits="0"/>
						<line number="541" hits="0"/>
						<line number="542" hits="0"/>
						<line number="545" hits="0" branch="true" condition-coverage="0% (0/2)" missing-branches="546,554"/>
						<line number="546" hits="0"/>
						<line number="547" hits="0"/>
						<line number="550" hits="0"/>
						<line number="551" hits="0"/>
						<line number="552" hits="0"/>
						<line number="554" hits="0"/>
						<line number="555" hits="0"/>
						<line number="557" hits="0"/>
						<line number="558" hits="0"/>
						<line number="561" hits="0"/>
						<line number="563" hits="0"/>
						<line number="564" hits="0" branch="true" condition-coverage="0% (0/2)" missing-branches="565,572"/>
						<line number="565" hits="0" branch="true" condition-coverage="0% (0/2)" missing-branches="566,567"/>
						<line number="566" hits="0"/>
						<line number="567" hits="0" branch="true" condition-coverage="0% (0/2)" missing-branches="568,569"/>
						<line number="568" hits="0"/>
						<line number="569" hits="0" branch="true" condition-coverage="0% (0/2)" missing-branches="564,570"/>
						<line number="570" hits="0"/>
						<line number="572" hits="0"/>
						<line number="575" hits="0"/>
						<line number="578" hits="0" branch="true" condition-coverage="0% (0/2)" missing-branches="579,581"/>
						<line number="579" hits="0"/>
						<line number="581" hits="0"/>
						<line number="583" hits="0"/>
						<line number="585" hits="0"/>
						<line number="587" hits="0"/>
						<line number="588" hits="0"/>
						<line number="589" hits="0"/>
						<line number="590" hits="0"/>
						<line number="593" hits="0"/>
						<line number="594" hits="0"/>
						<line number="624" hits="0" branch="true" condition-coverage="0% (0/2)" missing-branches="625,633"/>
						<line number="625" hits="0"/>
						<line number="626" hits="0"/>
						<line number="629" hits="0"/>
						<line number="630" hits="0"/>
						<line number="631" hits="0"/>
						<line number="633" hits="0"/>
						<line number="634" hits="0"/>
						<line number="636" hits="0"/>
						<line number="638" hits="0" branch="true" condition-coverage="0% (0/2)" missing-branches="639,647"/>
						<line number="639" hits="0"/>
						<line number="640" hits="0" branch="true" condition-coverage="0% (0/2)" missing-branches="641,647"/>
						<line number="641" hits="0" branch="true" condition-coverage="0% (0/2)" missing-branches="642,644"/>
						<line number="642" hits="0"/>
						<line number="644" hits="0"/>
						<line number="645" hits="0"/>
						<line number="647" hits="0"/>
						<line number="650" hits="0"/>
						<line number="652" hits="0"/>
						<line number="653" hits="0" branch="true" condition-coverage="0% (0/2)" missing-branches="654,661"/>
						<line number="654" hits="0" branch="true" condition-coverage="0% (0/2)" missing-branches="655,656"/>
						<line number="655" hits="0"/>
						<line number="656" hits="0" branch="true" condition-coverage="0% (0/2)" missing-branches="657,658"/>
						<line number="657" hits="0"/>
						<line number="658" hits="0" branch="true" condition-coverage="0% (0/2)" missing-branches="653,659"/>
						<line number="659" hits="0"/>
						<line number="661" hits="0"/>
						<line number="663" hits="0" branch="true" condition-coverage="0% (0/2)" missing-branches="664,666"/>
						<line number="664" hits="0"/>
						<line number="666" hits="0"/>
						<line number="668" hits="0"/>
						<line number="670" hits="0"/>
						<line number="672" hits="0"/>
						<line number="673" hits="0"/>
						<line number="674" hits="0" branch="true" condition-coverage="0% (0/2)" missing-branches="675,677"/>
						<line number="675" hits="0"/>
						<line number="677" hits="0"/>
						<line number="678" hits="0"/>
						<line number="686" hits="0"/>
						<line number="687" hits="0"/>
						<line number="709" hits="0"/>
						<line number="711" hits="0"/>
						<line number="713" hits="0"/>
						<line number="714" hits="0"/>
						<line number="716" hits="0" branch="true" condition-coverage="0% (0/2)" missing-branches="717,723"/>
						<line number="717" hits="0"/>
						<line number="718" hits="0"/>
						<line number="719" hits="0"/>
						<line number="723" hits="0"/>
						<line number="724" hits="0"/>
						<line number="725" hits="0"/>
						<line number="727" hits="0"/>
						<line number="729" hits="0"/>
						<line number="731" hits="0"/>
						<line number="732" hits="0"/>
						<line number="733" hits="0" branch="true" condition-coverage="0% (0/2)" missing-branches="734,739"/>
						<line number="734" hits="0"/>
						<line number="737" hits="0"/>
						<line number="739" hits="0"/>
						<line number="740" hits="0"/>
						<line number="741" hits="0"/>
						<line number="742" hits="0"/>
						<line number="743" hits="0" branch="true" condition-coverage="0% (0/2)" missing-branches="744,746"/>
						<line number="744" hits="0"/>
						<line number="746" hits="0"/>
						<line number="747" hits="0"/>
						<line number="750" hits="0"/>
						<line number="751" hits="0"/>
						<line number="767" hits="0"/>
						<line number="774" hits="0"/>
						<line number="775" hits="0"/>
						<line number="777" hits="0" branch="true" condition-coverage="0% (0/2)" missing-branches="778,788"/>
						<line number="778" hits="0" branch="true" condition-coverage="0% (0/2)" missing-branches="779,784"/>
						<line number="779" hits="0"/>
						<line number="782" hits="0"/>
						<line number="784" hits="0"/>
						<line number="785" hits="0"/>
						<line number="786" hits="0"/>
						<line number="788" hits="0"/>
						<line number="790" hits="0"/>
						<line number="793" hits="0" branch="true" condition-coverage="0% (0/2)" missing-branches="794,801"/>
						<line number="794" hits="0" branch="true" condition-coverage="0% (0/2)" missing-branches="795,801"/>
						<line number="795" hits="0" branch="true" condition-coverage="0% (0/2)" missing-branches="796,798"/>
						<line number="796" hits="0"/>
						<line number="798" hits="0"/>
						<line number="801" hits="0" branch="true" condition-coverage="0% (0/2)" missing-branches="802,846"/>
						<line number="802" hits="0"/>
						<line number="803" hits="0"/>
						<line number="805" hits="0"/>
						<line number="806" hits="0"/>
						<line number="807" hits="0"/>
						<line number="810" hits="0"/>
						<line number="813" hits="0"/>
						<line number="814" hits="0"/>
						<line number="815" hits="0"/>
						<line number="818" hits="0" branch="true" condition-coverage="0% (0/2)" missing-branches="819,839"/>
						<line number="819" hits="0" branch="true" condition-coverage="0% (0/2)" missing-branches="820,822"/>
						<line number="820" hits="0"/>
						<line number="822" hits="0" branch="true" condition-coverage="0% (0/2)" missing-branches="818,823"/>
						<line number="823" hits="0"/>
						<line number="824" hits="0"/>
						<line number="825" hits="0"/>
						<line number="828" hits="0" branch="true" condition-coverage="0% (0/2)" missing-branches="829,830"/>
						<line number="829" hits="0"/>
						<line number="830" hits="0" branch="true" condition-coverage="0% (0/2)" missing-branches="831,833"/>
						<line number="831" hits="0"/>
						<line number="833" hits="0"/>
						<line number="836" hits="0"/>
						<line number="837" hits="0"/>
						<line number="839" hits="0"/>
						<line number="840" hits="0"/>
						<line number="841" hits="0"/>
						<line number="844" hits="0"/>
						<line number="846" hits="0"/>
						<line number="847" hits="0"/>
						<line number="848" hits="0"/>
						<line number="849" hits="0"/>
						<line number="850" hits="0"/>
						<line number="851" hits="0"/>
						<line number="854" hits="0" branch="true" condition-coverage="0% (0/2)" missing-branches="855,875"/>
						<line number="855" hits="0" branch="true" condition-coverage="0% (0/2)" missing-branches="856,858"/>
						<line number="856" hits="0"/>
						<line number="858" hits="0" branch="true" condition-coverage="0% (0/2)" missing-branches="854,859"/>
						<line number="859" hits="0"/>
						<line number="860" hits="0"/>
						<line number="861" hits="0"/>
						<line number="864" hits="0" branch="true" condition-coverage="0% (0/2)" missing-branches="865,866"/>
						<line number="865" hits="0"/>
						<line number="866" hits="0" branch="true" condition-coverage="0% (0/2)" missing-branches="867,869"/>
						<line number="867" hits="0"/>
						<line number="869" hits="0"/>
						<line number="872" hits="0"/>
						<line number="873" hits="0"/>
						<line number="875" hits="0"/>
						<line number="876" hits="0"/>
						<line number="877" hits="0"/>
						<line number="878" hits="0"/>
						<line number="880" hits="0"/>
						<line number="883" hits="0"/>
						<line number="884" hits="0"/>
						<line number="910" hits="0"/>
						<line number="918" hits="0"/>
						<line number="920" hits="0"/>
						<line number="922" hits="0" branch="true" condition-coverage="0% (0/2)" missing-branches="923,930"/>
						<line number="923" hits="0"/>
						<line number="924" hits="0" branch="true" condition-coverage="0% (0/2)" missing-branches="925,927"/>
						<line number="925" hits="0"/>
						<line number="927" hits="0"/>
						<line number="930" hits="0"/>
						<line number="931" hits="0"/>
						<line number="934" hits="0"/>
						<line number="936" hits="0" branch="true" condition-coverage="0% (0/2)" missing-branches="937,939"/>
						<line number="937" hits="0"/>
						<line number="939" hits="0"/>
						<line number="941" hits="0"/>
						<line number="943" hits="0"/>
						<line number="945" hits="0"/>
						<line number="946" hits="0"/>
						<line number="947" hits="0" branch="true" condition-coverage="0% (0/2)" missing-branches="948,951"/>
						<line number="948" hits="0"/>
						<line number="949" hits="0"/>
						<line number="951" hits="0"/>
						<line number="952" hits="0"/>
						<line number="953" hits="0"/>
						<line number="954" hits="0"/>
						<line number="955" hits="0" branch="true" condition-coverage="0% (0/2)" missing-branches="956,958"/>
						<line number="956" hits="0"/>
						<line number="958" hits="0"/>
						<line number="959" hits="0"/>
						<line number="962" hits="0"/>
						<line number="963" hits="0"/>
						<line number="984" hits="0"/>
						<line number="992" hits="0"/>
						<line number="994" hits="0"/>
						<line number="995" hits="0"/>
						<line number="997" hits="0"/>
						<line number="998" hits="0"/>
						<line number="1001" hits="0" branch="true" condition-coverage="0% (0/2)" missing-branches="1002,1008"/>
						<line number="1002" hits="0" branch="true" condition-coverage="0% (0/2)" missing-branches="1003,1008"/>
						<line number="1003" hits="0" branch="true" condition-coverage="0% (0/2)" missing-branches="1004,1006"/>
						<line number="1004" hits="0"/>
						<line number="1006" hits="0"/>
						<line number="1008" hits="0"/>
						<line number="1009" hits="0"/>
						<line number="1011" hits="0"/>
						<line number="1012" hits="0"/>
						<line number="1015" hits="0" branch="true" condition-coverage="0% (0/2)" missing-branches="1016,1017"/>
						<line number="1016" hits="0"/>
						<line number="1017" hits="0" branch="true" condition-coverage="0% (0/2)" missing-branches="1018,1020"/>
						<line number="1018" hits="0"/>
						<line number="1020" hits="0"/>
						<line number="1022" hits="0" branch="true" condition-coverage="0% (0/2)" missing-branches="1023,1030"/>
						<line number="1023" hits="0"/>
						<line number="1025" hits="0"/>
						<line number="1026" hits="0"/>
						<line number="1030" hits="0"/>
						<line number="1032" hits="0"/>
						<line number="1034" hits="0"/>
						<line number="1036" hits="0"/>
						<line number="1037" hits="0"/>
						<line number="1038" hits="0" branch="true" condition-coverage="0% (0/2)" missing-branches="1039,1042"/>
						<line number="1039" hits="0"/>
						<line number="1040" hits="0"/>
						<line number="1042" hits="0"/>
						<line number="1043" hits="0"/>
						<line number="1044" hits="0"/>
						<line number="1045" hits="0"/>
						<line number="1046" hits="0" branch="true" condition-coverage="0% (0/2)" missing-branches="1047,1049"/>
						<line number="1047" hits="0"/>
						<line number="1049" hits="0"/>
						<line number="1050" hits="0"/>
						<line number="1053" hits="0"/>
						<line number="1054" hits="0"/>
						<line number="1074" hits="0"/>
						<line number="1076" hits="0"/>
						<line number="1077" hits="0"/>
						<line number="1079" hits="0" branch="true" condition-coverage="0% (0/2)" missing-branches="1080,1087"/>
						<line number="1080" hits="0" branch="true" condition-coverage="0% (0/2)" missing-branches="1081,1083"/>
						<line number="1081" hits="0"/>
						<line number="1083" hits="0"/>
						<line number="1084" hits="0"/>
						<line number="1087" hits="0" branch="true" condition-coverage="0% (0/2)" missing-branches="1088,1098"/>
						<line number="1088" hits="0"/>
						<line number="1091" hits="0" branch="true" condition-coverage="0% (0/2)" missing-branches="1092,1098"/>
						<line number="1092" hits="0" branch="true" condition-coverage="0% (0/2)" missing-branches="1093,1095"/>
						<line number="1093" hits="0"/>
						<line number="1095" hits="0"/>
						<line number="1096" hits="0"/>
						<line number="1098" hits="0"/>
						<line number="1099" hits="0"/>
						<line number="1101" hits="0" branch="true" condition-coverage="0% (0/2)" missing-branches="1102,1108"/>
						<line number="1102" hits="0"/>
						<line number="1103" hits="0"/>
						<line number="1104" hits="0"/>
						<line number="1108" hits="0"/>
						<line number="1109" hits="0"/>
						<line number="1110" hits="0"/>
						<line number="1112" hits="0"/>
						<line number="1114" hits="0"/>
						<line number="1116" hits="0"/>
						<line number="1117" hits="0"/>
						<line number="1118" hits="0" branch="true" condition-coverage="0% (0/2)" missing-branches="1119,1121"/>
						<line number="1119" hits="0"/>
						<line number="1121" hits="0"/>
						<line number="1122" hits="0"/>
						<line number="1125" hits="0"/>
						<line number="1135" hits="0"/>
						<line number="1137" hits="0"/>
						<line number="1138" hits="0"/>
						<line number="1139" hits="0"/>
						<line number="1140" hits="0"/>
						<line number="1141" hits="0"/>
						<line number="1142" hits="0"/>
						<line number="1144" hits="0"/>
						<line number="1147" hits="0"/>
						<line number="1148" hits="0"/>
						<line number="1190" hits="0"/>
						<line number="1191" hits="0"/>
						<line number="1192" hits="0"/>
						<line number="1193" hits="0"/>
						<line number="1195" hits="0"/>
						<line number="1197" hits="0"/>
						<line number="1199" hits="0"/>
						<line number="1200" hits="0"/>
						<line number="1201" hits="0"/>
						<line number="1202" hits="0"/>
						<line number="1205" hits="0" branch="true" condition-coverage="0% (0/2)" missing-branches="1206,1215"/>
						<line number="1206" hits="0"/>
						<line number="1207" hits="0"/>
						<line number="1210" hits="0"/>
						<line number="1211" hits="0"/>
						<line number="1212" hits="0"/>
						<line number="1215" hits="0"/>
						<line number="1218" hits="0"/>
						<line number="1219" hits="0"/>
						<line number="1221" hits="0"/>
						<line number="1223" hits="0"/>
						<line number="1224" hits="0"/>
						<line number="1225" hits="0"/>
						<line number="1226" hits="0" branch="true" condition-coverage="0% (0/2)" missing-branches="1227,1229"/>
						<line number="1227" hits="0"/>
						<line number="1229" hits="0"/>
						<line number="1230" hits="0"/>
						<line number="1233" hits="0"/>
						<line number="1234" hits="0"/>
						<line number="1236" hits="0" branch="true" condition-coverage="0% (0/2)" missing-branches="1237,1245"/>
						<line number="1237" hits="0" branch="true" condition-coverage="0% (0/2)" missing-branches="1238,1242"/>
						<line number="1238" hits="0"/>
						<line number="1242" hits="0"/>
						<line number="1243" hits="0"/>
						<line number="1245" hits="0"/>
						<line number="1247" hits="0" branch="true" condition-coverage="0% (0/2)" missing-branches="1248,1253"/>
						<line number="1248" hits="0"/>
						<line number="1253" hits="0"/>
						<line number="1258" hits="0"/>
						<line number="1261" hits="0"/>
						<line number="1263" hits="0"/>
						<line number="1264" hits="0" branch="true" condition-coverage="0% (0/2)" missing-branches="1265,1272"/>
						<line number="1265" hits="0" branch="true" condition-coverage="0% (0/2)" missing-branches="1266,1267"/>
						<line number="1266" hits="0"/>
						<line number="1267" hits="0" branch="true" condition-coverage="0% (0/2)" missing-branches="1268,1269"/>
						<line number="1268" hits="0"/>
						<line number="1269" hits="0" branch="true" condition-coverage="0% (0/2)" missing-branches="1264,1270"/>
						<line number="1270" hits="0"/>
						<line number="1272" hits="0"/>
						<line number="1276" hits="0" branch="true" condition-coverage="0% (0/2)" missing-branches="1278,1313"/>
						<line number="1278" hits="0"/>
						<line number="1280" hits="0" branch="true" condition-coverage="0% (0/2)" missing-branches="1282,1294"/>
						<line number="1282" hits="0" branch="true" condition-coverage="0% (0/2)" missing-branches="1283,1288"/>
						<line number="1283" hits="0"/>
						<line number="1288" hits="0"/>
						<line number="1291" hits="0"/>
						<line number="1294" hits="0" branch="true" condition-coverage="0% (0/2)" missing-branches="1295,1304"/>
						<line number="1295" hits="0"/>
						<line number="1299" hits="0"/>
						<line number="1304" hits="0"/>
						<line number="1307" hits="0"/>
						<line number="1310" hits="0"/>
						<line number="1313" hits="0" branch="true" condition-coverage="0% (0/2)" missing-branches="1314,1318"/>
						<line number="1314" hits="0"/>
						<line number="1318" hits="0"/>
						<line number="1321" hits="0"/>
						<line number="1323" hits="0"/>
						<line number="1324" hits="0"/>
						<line number="1336" hits="0" branch="true" condition-coverage="0% (0/2)" missing-branches="1338,1349"/>
						<line number="1338" hits="0"/>
						<line number="1339" hits="0"/>
						<line number="1341" hits="0"/>
						<line number="1342" hits="0"/>
						<line number="1344" hits="0" branch="true" condition-coverage="0% (0/2)" missing-branches="1345,1347"/>
						<line number="1345" hits="0"/>
						<line number="1347" hits="0"/>
						<line number="1349" hits="0" branch="true" condition-coverage="0% (0/2)" missing-branches="1351,1362"/>
						<line number="1351" hits="0"/>
						<line number="1353" hits="0"/>
						<line number="1354" hits="0"/>
						<line number="1356" hits="0" branch="true" condition-coverage="0% (0/2)" missing-branches="1357,1359"/>
						<line number="1357" hits="0"/>
						<line number="1359" hits="0"/>
						<line number="1362" hits="0"/>
						<line number="1364" hits="0"/>
						<line number="1365" hits="0"/>
						<line number="1367" hits="0" branch="true" condition-coverage="0% (0/2)" missing-branches="1368,1370"/>
						<line number="1368" hits="0"/>
						<line number="1370" hits="0"/>
						<line number="1372" hits="0"/>
						<line number="1374" hits="0"/>
						<line number="1376" hits="0"/>
						<line number="1377" hits="0"/>
						<line number="1378" hits="0" branch="true" condition-coverage="0% (0/2)" missing-branches="1379,1381"/>
						<line number="1379" hits="0"/>
						<line number="1381" hits="0"/>
						<line number="1382" hits="0"/>
						<line number="1385" hits="0"/>
						<line number="1386" hits="0"/>
						<line number="1401" hits="0" branch="true" condition-coverage="0% (0/2)" missing-branches="1402,1413"/>
						<line number="1402" hits="0"/>
						<line number="1403" hits="0" branch="true" condition-coverage="0% (0/2)" missing-branches="1404,1409"/>
						<line number="1404" hits="0"/>
						<line number="1405" hits="0"/>
						<line number="1409" hits="0"/>
						<line number="1410" hits="0"/>
						<line number="1413" hits="0" branch="true" condition-coverage="0% (0/2)" missing-branches="exit,1414"/>
						<line number="1414" hits="0"/>
						<line number="1415" hits="0"/>
					</lines>
				</class>
				<class name="config_manager.py" filename="config_manager.py" complexity="0" line-rate="0" branch-rate="0">
					<methods/>
					<lines>
						<line number="61" hits="0"/>
						<line number="62" hits="0"/>
						<line number="63" hits="0"/>
						<line number="64" hits="0"/>
						<line number="66" hits="0"/>
						<line number="67" hits="0"/>
						<line number="68" hits="0"/>
						<line number="86" hits="0"/>
						<line number="89" hits="0"/>
						<line number="130" hits="0"/>
						<line number="155" hits="0"/>
						<line number="180" hits="0"/>
						<line number="182" hits="0"/>
						<line number="185" hits="0"/>
						<line number="187" hits="0"/>
						<line number="190" hits="0"/>
						<line number="198" hits="0"/>
						<line number="199" hits="0"/>
						<line number="202" hits="0"/>
						<line number="203" hits="0" branch="true" condition-coverage="0% (0/2)" missing-branches="204,207"/>
						<line number="204" hits="0"/>
						<line number="207" hits="0" branch="true" condition-coverage="0% (0/2)" missing-branches="208,211"/>
						<line number="208" hits="0"/>
						<line number="211" hits="0"/>
						<line number="212" hits="0"/>
						<line number="213" hits="0"/>
						<line number="214" hits="0"/>
						<line number="215" hits="0"/>
						<line number="221" hits="0"/>
						<line number="224" hits="0"/>
						<line number="225" hits="0" branch="true" condition-coverage="0% (0/2)" missing-branches="226,237"/>
						<line number="226" hits="0"/>
						<line number="227" hits="0"/>
						<line number="228" hits="0"/>
						<line number="229" hits="0"/>
						<line number="237" hits="0" branch="true" condition-coverage="0% (0/2)" missing-branches="238,248"/>
						<line number="238" hits="0"/>
						<line number="248" hits="0" branch="true" condition-coverage="0% (0/2)" missing-branches="250,273"/>
						<line number="250" hits="0" branch="true" condition-coverage="0% (0/2)" missing-branches="251,252"/>
						<line number="251" hits="0"/>
						<line number="252" hits="0" branch="true" condition-coverage="0% (0/2)" missing-branches="253,255"/>
						<line number="253" hits="0"/>
						<line number="255" hits="0" branch="true" condition-coverage="0% (0/2)" missing-branches="248,256"/>
						<line number="256" hits="0" branch="true" condition-coverage="0% (0/2)" missing-branches="257,259"/>
						<line number="257" hits="0"/>
						<line number="259" hits="0"/>
						<line number="260" hits="0"/>
						<line number="263" hits="0"/>
						<line number="264" hits="0"/>
						<line number="265" hits="0"/>
						<line number="273" hits="0"/>
						<line number="276" hits="0"/>
						<line number="291" hits="0" branch="true" condition-coverage="0% (0/2)" missing-branches="292,294"/>
						<line number="292" hits="0"/>
						<line number="294" hits="0"/>
						<line number="295" hits="0"/>
						<line number="298" hits="0" branch="true" condition-coverage="0% (0/2)" missing-branches="299,302"/>
						<line number="299" hits="0"/>
						<line number="302" hits="0" branch="true" condition-coverage="0% (0/2)" missing-branches="303,306"/>
						<line number="303" hits="0"/>
						<line number="306" hits="0" branch="true" condition-coverage="0% (0/2)" missing-branches="307,315"/>
						<line number="307" hits="0"/>
						<line number="308" hits="0" branch="true" condition-coverage="0% (0/2)" missing-branches="309,310"/>
						<line number="309" hits="0"/>
						<line number="310" hits="0" branch="true" condition-coverage="0% (0/2)" missing-branches="311,313"/>
						<line number="311" hits="0"/>
						<line number="313" hits="0"/>
						<line number="315" hits="0" branch="true" condition-coverage="0% (0/2)" missing-branches="316,327"/>
						<line number="316" hits="0"/>
						<line number="317" hits="0"/>
						<line number="318" hits="0"/>
						<line number="319" hits="0" branch="true" condition-coverage="0% (0/2)" missing-branches="320,321"/>
						<line number="320" hits="0"/>
						<line number="321" hits="0" branch="true" condition-coverage="0% (0/2)" missing-branches="322,323"/>
						<line number="322" hits="0"/>
						<line number="323" hits="0"/>
						<line number="324" hits="0"/>
						<line number="325" hits="0"/>
						<line number="327" hits="0" branch="true" condition-coverage="0% (0/2)" missing-branches="328,339"/>
						<line number="328" hits="0"/>
						<line number="329" hits="0"/>
						<line number="330" hits="0"/>
						<line number="331" hits="0" branch="true" condition-coverage="0% (0/2)" missing-branches="332,333"/>
						<line number="332" hits="0"/>
						<line number="333" hits="0" branch="true" condition-coverage="0% (0/2)" missing-branches="334,335"/>
						<line number="334" hits="0"/>
						<line number="335" hits="0"/>
						<line number="336" hits="0"/>
						<line number="337" hits="0"/>
						<line number="339" hits="0" branch="true" condition-coverage="0% (0/2)" missing-branches="340,348"/>
						<line number="340" hits="0"/>
						<line number="341" hits="0"/>
						<line number="342" hits="0" branch="true" condition-coverage="0% (0/2)" missing-branches="343,346"/>
						<line number="343" hits="0"/>
						<line number="346" hits="0"/>
						<line number="348" hits="0" branch="true" condition-coverage="0% (0/2)" missing-branches="352,356"/>
						<line number="352" hits="0"/>
						<line number="353" hits="0"/>
						<line number="354" hits="0"/>
						<line number="356" hits="0" branch="true" condition-coverage="0% (0/2)" missing-branches="357,360"/>
						<line number="357" hits="0"/>
						<line number="360" hits="0"/>
						<line number="363" hits="0"/>
						<line number="365" hits="0"/>
						<line number="368" hits="0"/>
						<line number="381" hits="0" branch="true" condition-coverage="0% (0/2)" missing-branches="382,384"/>
						<line number="382" hits="0"/>
						<line number="384" hits="0"/>
						<line number="385" hits="0"/>
						<line number="387" hits="0" branch="true" condition-coverage="0% (0/2)" missing-branches="388,390"/>
						<line number="388" hits="0"/>
						<line number="390" hits="0"/>
						<line number="393" hits="0"/>
						<line number="408" hits="0"/>
						<line number="411" hits="0"/>
						<line number="425" hits="0" branch="true" condition-coverage="0% (0/2)" missing-branches="426,427"/>
						<line number="426" hits="0"/>
						<line number="427" hits="0"/>
						<line number="430" hits="0"/>
						<line number="432" hits="0" branch="true" condition-coverage="0% (0/2)" missing-branches="433,434"/>
						<line number="433" hits="0"/>
						<line number="434" hits="0"/>
						<line number="437" hits="0"/>
						<line number="450" hits="0"/>
						<line number="452" hits="0" branch="true" condition-coverage="0% (0/2)" missing-branches="453,455"/>
						<line number="453" hits="0"/>
						<line number="455" hits="0"/>
						<line number="456" hits="0"/>
						<line number="459" hits="0"/>
						<line number="471" hits="0"/>
						<line number="474" hits="0" branch="true" condition-coverage="0% (0/2)" missing-branches="475,478"/>
						<line number="475" hits="0"/>
						<line number="478" hits="0"/>
						<line number="479" hits="0" branch="true" condition-coverage="0% (0/2)" missing-branches="480,483"/>
						<line number="480" hits="0"/>
						<line number="483" hits="0" branch="true" condition-coverage="0% (0/2)" missing-branches="484,487"/>
						<line number="484" hits="0"/>
						<line number="487" hits="0"/>
						<line number="490" hits="0"/>
						<line number="491" hits="0"/>
						<line number="494" hits="0"/>
						<line number="501" hits="0"/>
						<line number="503" hits="0" branch="true" condition-coverage="0% (0/2)" missing-branches="504,506"/>
						<line number="504" hits="0"/>
						<line number="506" hits="0"/>
						<line number="507" hits="0"/>
					</lines>
				</class>
				<class name="constants.py" filename="constants.py" complexity="0" line-rate="0" branch-rate="1">
					<methods/>
					<lines>
						<line number="14" hits="0"/>
						<line number="15" hits="0"/>
						<line number="16" hits="0"/>
						<line number="17" hits="0"/>
						<line number="20" hits="0"/>
						<line number="27" hits="0"/>
						<line number="28" hits="0"/>
						<line number="29" hits="0"/>
						<line number="32" hits="0"/>
						<line number="33" hits="0"/>
						<line number="36" hits="0"/>
						<line number="39" hits="0"/>
						<line number="51" hits="0"/>
						<line number="66" hits="0"/>
						<line number="67" hits="0"/>
						<line number="70" hits="0"/>
						<line number="76" hits="0"/>
						<line number="83" hits="0"/>
						<line number="84" hits="0"/>
						<line number="87" hits="0"/>
						<line number="88" hits="0"/>
						<line number="89" hits="0"/>
						<line number="90" hits="0"/>
						<line number="93" hits="0"/>
						<line number="94" hits="0"/>
						<line number="101" hits="0"/>
						<line number="104" hits="0"/>
						<line number="110" hits="0"/>
					</lines>
				</class>
				<class name="display.py" filename="display.py" complexity="0" line-rate="0" branch-rate="0">
					<methods/>
					<lines>
						<line number="8" hits="0"/>
						<line number="9" hits="0"/>
						<line number="10" hits="0"/>
						<line number="11" hits="0"/>
						<line number="13" hits="0"/>
						<line number="22" hits="0"/>
						<line number="23" hits="0"/>
						<line number="24" hits="0"/>
						<line number="25" hits="0"/>
						<line number="26" hits="0"/>
						<line number="27" hits="0"/>
						<line number="31" hits="0"/>
						<line number="46" hits="0"/>
						<line number="55" hits="0"/>
						<line number="65" hits="0" branch="true" condition-coverage="0% (0/2)" missing-branches="66,69"/>
						<line number="66" hits="0"/>
						<line number="69" hits="0" branch="true" condition-coverage="0% (0/2)" missing-branches="70,73"/>
						<line number="70" hits="0"/>
						<line number="73" hits="0" branch="true" condition-coverage="0% (0/2)" missing-branches="74,77"/>
						<line number="74" hits="0"/>
						<line number="77" hits="0" branch="true" condition-coverage="0% (0/2)" missing-branches="78,81"/>
						<line number="78" hits="0"/>
						<line number="81" hits="0"/>
						<line number="82" hits="0" branch="true" condition-coverage="0% (0/2)" missing-branches="83,85"/>
						<line number="83" hits="0"/>
						<line number="85" hits="0"/>
						<line number="88" hits="0"/>
						<line number="96" hits="0"/>
						<line number="107" hits="0"/>
						<line number="121" hits="0"/>
						<line number="123" hits="0"/>
						<line number="124" hits="0"/>
						<line number="125" hits="0"/>
						<line number="126" hits="0"/>
						<line number="127" hits="0"/>
						<line number="128" hits="0"/>
						<line number="131" hits="0"/>
						<line number="134" hits="0"/>
						<line number="135" hits="0"/>
						<line number="136" hits="0"/>
						<line number="139" hits="0"/>
						<line number="140" hits="0"/>
						<line number="142" hits="0"/>
						<line number="143" hits="0"/>
						<line number="145" hits="0"/>
						<line number="148" hits="0"/>
						<line number="149" hits="0"/>
						<line number="151" hits="0" branch="true" condition-coverage="0% (0/2)" missing-branches="154,219"/>
						<line number="154" hits="0"/>
						<line number="155" hits="0"/>
						<line number="158" hits="0"/>
						<line number="159" hits="0"/>
						<line number="162" hits="0"/>
						<line number="163" hits="0"/>
						<line number="166" hits="0"/>
						<line number="169" hits="0"/>
						<line number="170" hits="0"/>
						<line number="173" hits="0"/>
						<line number="176" hits="0"/>
						<line number="177" hits="0"/>
						<line number="180" hits="0"/>
						<line number="183" hits="0" branch="true" condition-coverage="0% (0/2)" missing-branches="185,192"/>
						<line number="185" hits="0"/>
						<line number="186" hits="0" branch="true" condition-coverage="0% (0/2)" missing-branches="187,189"/>
						<line number="187" hits="0"/>
						<line number="189" hits="0"/>
						<line number="192" hits="0"/>
						<line number="197" hits="0" branch="true" condition-coverage="0% (0/2)" missing-branches="198,203"/>
						<line number="198" hits="0"/>
						<line number="199" hits="0" branch="true" condition-coverage="0% (0/2)" missing-branches="200,203"/>
						<line number="200" hits="0"/>
						<line number="203" hits="0" branch="true" condition-coverage="0% (0/2)" missing-branches="204,206"/>
						<line number="204" hits="0"/>
						<line number="206" hits="0"/>
						<line number="209" hits="0"/>
						<line number="219" hits="0" branch="true" condition-coverage="0% (0/2)" missing-branches="220,230"/>
						<line number="220" hits="0"/>
						<line number="230" hits="0"/>
						<line number="233" hits="0"/>
						<line number="243" hits="0" branch="true" condition-coverage="0% (0/2)" missing-branches="244,247"/>
						<line number="244" hits="0"/>
						<line number="247" hits="0"/>
						<line number="250" hits="0"/>
						<line number="251" hits="0"/>
						<line number="252" hits="0"/>
						<line number="255" hits="0"/>
						<line number="256" hits="0"/>
						<line number="258" hits="0"/>
						<line number="259" hits="0"/>
						<line number="261" hits="0"/>
						<line number="264" hits="0"/>
						<line number="267" hits="0"/>
						<line number="268" hits="0"/>
						<line number="271" hits="0" branch="true" condition-coverage="0% (0/2)" missing-branches="273,329"/>
						<line number="273" hits="0"/>
						<line number="274" hits="0"/>
						<line number="277" hits="0"/>
						<line number="278" hits="0"/>
						<line number="281" hits="0"/>
						<line number="284" hits="0"/>
						<line number="285" hits="0"/>
						<line number="288" hits="0"/>
						<line number="289" hits="0"/>
						<line number="292" hits="0"/>
						<line number="295" hits="0"/>
						<line number="296" hits="0"/>
						<line number="299" hits="0"/>
						<line number="302" hits="0" branch="true" condition-coverage="0% (0/2)" missing-branches="304,311"/>
						<line number="304" hits="0"/>
						<line number="305" hits="0" branch="true" condition-coverage="0% (0/2)" missing-branches="306,308"/>
						<line number="306" hits="0"/>
						<line number="308" hits="0"/>
						<line number="311" hits="0"/>
						<line number="316" hits="0" branch="true" condition-coverage="0% (0/2)" missing-branches="317,322"/>
						<line number="317" hits="0"/>
						<line number="318" hits="0" branch="true" condition-coverage="0% (0/2)" missing-branches="319,322"/>
						<line number="319" hits="0"/>
						<line number="322" hits="0"/>
						<line number="325" hits="0"/>
						<line number="329" hits="0"/>
						<line number="330" hits="0"/>
						<line number="333" hits="0"/>
						<line number="344" hits="0"/>
						<line number="346" hits="0"/>
						<line number="347" hits="0"/>
						<line number="348" hits="0"/>
						<line number="351" hits="0"/>
						<line number="352" hits="0"/>
						<line number="353" hits="0"/>
						<line number="354" hits="0"/>
						<line number="356" hits="0"/>
						<line number="357" hits="0"/>
						<line number="358" hits="0"/>
						<line number="360" hits="0"/>
						<line number="363" hits="0"/>
						<line number="381" hits="0"/>
						<line number="382" hits="0"/>
						<line number="384" hits="0" branch="true" condition-coverage="0% (0/2)" missing-branches="385,387"/>
						<line number="385" hits="0"/>
						<line number="387" hits="0"/>
						<line number="389" hits="0"/>
						<line number="390" hits="0"/>
						<line number="391" hits="0"/>
						<line number="394" hits="0" branch="true" condition-coverage="0% (0/2)" missing-branches="395,416"/>
						<line number="395" hits="0"/>
						<line number="396" hits="0"/>
						<line number="399" hits="0"/>
						<line number="400" hits="0"/>
						<line number="404" hits="0"/>
						<line number="410" hits="0" branch="true" condition-coverage="0% (0/2)" missing-branches="411,416"/>
						<line number="411" hits="0"/>
						<line number="416" hits="0" branch="true" condition-coverage="0% (0/2)" missing-branches="417,443"/>
						<line number="417" hits="0"/>
						<line number="418" hits="0"/>
						<line number="421" hits="0"/>
						<line number="426" hits="0"/>
						<line number="430" hits="0"/>
						<line number="436" hits="0" branch="true" condition-coverage="0% (0/2)" missing-branches="437,443"/>
						<line number="437" hits="0"/>
						<line number="443" hits="0"/>
						<line number="446" hits="0"/>
						<line number="461" hits="0"/>
						<line number="463" hits="0" branch="true" condition-coverage="0% (0/2)" missing-branches="464,465"/>
						<line number="464" hits="0"/>
						<line number="465" hits="0" branch="true" condition-coverage="0% (0/2)" missing-branches="466,467"/>
						<line number="466" hits="0"/>
						<line number="467" hits="0" branch="true" condition-coverage="0% (0/2)" missing-branches="468,469"/>
						<line number="468" hits="0"/>
						<line number="469" hits="0" branch="true" condition-coverage="0% (0/2)" missing-branches="470,472"/>
						<line number="470" hits="0"/>
						<line number="472" hits="0" branch="true" condition-coverage="0% (0/2)" missing-branches="473,475"/>
						<line number="473" hits="0"/>
						<line number="475" hits="0"/>
						<line number="476" hits="0"/>
						<line number="477" hits="0"/>
						<line number="479" hits="0" branch="true" condition-coverage="0% (0/2)" missing-branches="480,483"/>
						<line number="480" hits="0"/>
						<line number="483" hits="0"/>
						<line number="484" hits="0"/>
						<line number="485" hits="0"/>
						<line number="487" hits="0" branch="true" condition-coverage="0% (0/2)" missing-branches="488,490"/>
						<line number="488" hits="0"/>
						<line number="490" hits="0"/>
						<line number="493" hits="0"/>
						<line number="501" hits="0"/>
						<line number="508" hits="0"/>
						<line number="509" hits="0"/>
						<line number="510" hits="0"/>
						<line number="511" hits="0"/>
						<line number="512" hits="0"/>
						<line number="513" hits="0"/>
						<line number="514" hits="0"/>
						<line number="515" hits="0"/>
						<line number="516" hits="0"/>
						<line number="517" hits="0"/>
						<line number="519" hits="0"/>
						<line number="526" hits="0" branch="true" condition-coverage="0% (0/2)" missing-branches="exit,527"/>
						<line number="527" hits="0" branch="true" condition-coverage="0% (0/2)" missing-branches="526,528"/>
						<line number="528" hits="0"/>
						<line number="530" hits="0"/>
						<line number="538" hits="0"/>
						<line number="541" hits="0"/>
						<line number="544" hits="0"/>
						<line number="550" hits="0"/>
						<line number="551" hits="0"/>
						<line number="552" hits="0"/>
						<line number="553" hits="0"/>
						<line number="556" hits="0" branch="true" condition-coverage="0% (0/2)" missing-branches="557,561"/>
						<line number="557" hits="0"/>
						<line number="558" hits="0"/>
						<line number="561" hits="0" branch="true" condition-coverage="0% (0/2)" missing-branches="562,565"/>
						<line number="562" hits="0"/>
						<line number="563" hits="0"/>
						<line number="565" hits="0"/>
						<line number="568" hits="0"/>
						<line number="569" hits="0"/>
						<line number="570" hits="0"/>
						<line number="571" hits="0"/>
						<line number="574" hits="0"/>
						<line number="575" hits="0"/>
						<line number="576" hits="0"/>
						<line number="579" hits="0"/>
						<line number="582" hits="0"/>
						<line number="585" hits="0"/>
						<line number="586" hits="0"/>
						<line number="587" hits="0"/>
						<line number="588" hits="0"/>
						<line number="590" hits="0"/>
						<line number="595" hits="0"/>
						<line number="612" hits="0"/>
						<line number="614" hits="0"/>
						<line number="615" hits="0"/>
						<line number="617" hits="0" branch="true" condition-coverage="0% (0/2)" missing-branches="618,672"/>
						<line number="618" hits="0"/>
						<line number="621" hits="0"/>
						<line number="622" hits="0"/>
						<line number="626" hits="0" branch="true" condition-coverage="0% (0/2)" missing-branches="627,629"/>
						<line number="627" hits="0"/>
						<line number="629" hits="0"/>
						<line number="634" hits="0" branch="true" condition-coverage="0% (0/2)" missing-branches="635,656"/>
						<line number="635" hits="0"/>
						<line number="636" hits="0"/>
						<line number="637" hits="0"/>
						<line number="638" hits="0"/>
						<line number="639" hits="0"/>
						<line number="643" hits="0" branch="true" condition-coverage="0% (0/2)" missing-branches="644,656"/>
						<line number="644" hits="0"/>
						<line number="645" hits="0" branch="true" condition-coverage="0% (0/2)" missing-branches="646,651"/>
						<line number="646" hits="0"/>
						<line number="651" hits="0"/>
						<line number="656" hits="0" branch="true" condition-coverage="0% (0/2)" missing-branches="657,666"/>
						<line number="657" hits="0"/>
						<line number="658" hits="0"/>
						<line number="659" hits="0" branch="true" condition-coverage="0% (0/2)" missing-branches="660,664"/>
						<line number="660" hits="0"/>
						<line number="664" hits="0"/>
						<line number="666" hits="0"/>
						<line number="669" hits="0"/>
						<line number="672" hits="0"/>
						<line number="673" hits="0"/>
						<line number="674" hits="0"/>
						<line number="675" hits="0" branch="true" condition-coverage="0% (0/2)" missing-branches="676,678"/>
						<line number="676" hits="0"/>
						<line number="678" hits="0"/>
						<line number="679" hits="0"/>
						<line number="680" hits="0"/>
						<line number="683" hits="0"/>
						<line number="691" hits="0" branch="true" condition-coverage="0% (0/2)" missing-branches="692,695"/>
						<line number="692" hits="0"/>
						<line number="693" hits="0"/>
						<line number="695" hits="0"/>
						<line number="698" hits="0"/>
						<line number="706" hits="0" branch="true" condition-coverage="0% (0/2)" missing-branches="707,710"/>
						<line number="707" hits="0"/>
						<line number="708" hits="0"/>
						<line number="710" hits="0"/>
						<line number="713" hits="0"/>
						<line number="721" hits="0" branch="true" condition-coverage="0% (0/2)" missing-branches="722,725"/>
						<line number="722" hits="0"/>
						<line number="723" hits="0"/>
						<line number="725" hits="0"/>
						<line number="728" hits="0"/>
						<line number="736" hits="0" branch="true" condition-coverage="0% (0/2)" missing-branches="737,740"/>
						<line number="737" hits="0"/>
						<line number="738" hits="0"/>
						<line number="740" hits="0"/>
						<line number="743" hits="0"/>
						<line number="753" hits="0" branch="true" condition-coverage="0% (0/2)" missing-branches="754,756"/>
						<line number="754" hits="0"/>
						<line number="756" hits="0" branch="true" condition-coverage="0% (0/2)" missing-branches="757,759"/>
						<line number="757" hits="0"/>
						<line number="759" hits="0"/>
						<line number="762" hits="0"/>
						<line number="764" hits="0"/>
						<line number="765" hits="0"/>
						<line number="767" hits="0"/>
						<line number="770" hits="0"/>
						<line number="771" hits="0"/>
						<line number="776" hits="0"/>
						<line number="777" hits="0"/>
						<line number="778" hits="0"/>
						<line number="780" hits="0" branch="true" condition-coverage="0% (0/2)" missing-branches="781,783"/>
						<line number="781" hits="0"/>
						<line number="783" hits="0"/>
						<line number="786" hits="0"/>
						<line number="791" hits="0"/>
						<line number="793" hits="0"/>
						<line number="794" hits="0"/>
						<line number="795" hits="0"/>
						<line number="797" hits="0" branch="true" condition-coverage="0% (0/2)" missing-branches="798,800"/>
						<line number="798" hits="0"/>
						<line number="800" hits="0"/>
					</lines>
				</class>
				<class name="extension_discovery.py" filename="extension_discovery.py" complexity="0" line-rate="0" branch-rate="0">
					<methods/>
					<lines>
						<line number="9" hits="0"/>
						<line number="10" hits="0"/>
						<line number="11" hits="0"/>
						<line number="12" hits="0"/>
						<line number="13" hits="0"/>
						<line number="15" hits="0"/>
						<line number="23" hits="0"/>
						<line number="26" hits="0"/>
						<line number="29" hits="0"/>
						<line number="36" hits="0"/>
						<line number="38" hits="0"/>
						<line number="59" hits="0"/>
						<line number="61" hits="0" branch="true" condition-coverage="0% (0/2)" missing-branches="62,68"/>
						<line number="62" hits="0"/>
						<line number="66" hits="0"/>
						<line number="68" hits="0"/>
						<line number="69" hits="0"/>
						<line number="70" hits="0"/>
						<line number="72" hits="0" branch="true" condition-coverage="0% (0/2)" missing-branches="73,79"/>
						<line number="73" hits="0"/>
						<line number="77" hits="0"/>
						<line number="79" hits="0"/>
						<line number="80" hits="0" branch="true" condition-coverage="0% (0/2)" missing-branches="81,120"/>
						<line number="81" hits="0" branch="true" condition-coverage="0% (0/2)" missing-branches="82,85"/>
						<line number="82" hits="0"/>
						<line number="85" hits="0"/>
						<line number="86" hits="0" branch="true" condition-coverage="0% (0/2)" missing-branches="87,89"/>
						<line number="87" hits="0"/>
						<line number="89" hits="0"/>
						<line number="90" hits="0" branch="true" condition-coverage="0% (0/2)" missing-branches="91,94"/>
						<line number="91" hits="0"/>
						<line number="94" hits="0"/>
						<line number="95" hits="0" branch="true" condition-coverage="0% (0/2)" missing-branches="96,99"/>
						<line number="96" hits="0"/>
						<line number="99" hits="0"/>
						<line number="100" hits="0" branch="true" condition-coverage="0% (0/2)" missing-branches="101,104"/>
						<line number="101" hits="0"/>
						<line number="104" hits="0"/>
						<line number="105" hits="0" branch="true" condition-coverage="0% (0/2)" missing-branches="106,108"/>
						<line number="106" hits="0"/>
						<line number="108" hits="0"/>
						<line number="111" hits="0"/>
						<line number="120" hits="0"/>
						<line number="122" hits="0"/>
						<line number="123" hits="0"/>
						<line number="126" hits="0"/>
						<line number="127" hits="0"/>
						<line number="129" hits="0"/>
						<line number="139" hits="0" branch="true" condition-coverage="0% (0/2)" missing-branches="143,170"/>
						<line number="143" hits="0"/>
						<line number="144" hits="0"/>
						<line number="149" hits="0"/>
						<line number="150" hits="0"/>
						<line number="153" hits="0"/>
						<line number="155" hits="0"/>
						<line number="156" hits="0"/>
						<line number="158" hits="0" branch="true" condition-coverage="0% (0/2)" missing-branches="159,162"/>
						<line number="159" hits="0"/>
						<line number="162" hits="0" branch="true" condition-coverage="0% (0/2)" missing-branches="163,167"/>
						<line number="163" hits="0"/>
						<line number="167" hits="0"/>
						<line number="170" hits="0"/>
						<line number="171" hits="0"/>
						<line number="173" hits="0" branch="true" condition-coverage="0% (0/2)" missing-branches="174,175"/>
						<line number="174" hits="0"/>
						<line number="175" hits="0" branch="true" condition-coverage="0% (0/2)" missing-branches="176,177"/>
						<line number="176" hits="0"/>
						<line number="177" hits="0" branch="true" condition-coverage="0% (0/2)" missing-branches="178,180"/>
						<line number="178" hits="0"/>
						<line number="180" hits="0"/>
						<line number="182" hits="0" branch="true" condition-coverage="0% (0/2)" missing-branches="183,188"/>
						<line number="183" hits="0"/>
						<line number="188" hits="0"/>
						<line number="190" hits="0"/>
						<line number="203" hits="0"/>
						<line number="204" hits="0"/>
						<line number="207" hits="0"/>
						<line number="209" hits="0"/>
						<line number="211" hits="0" branch="true" condition-coverage="0% (0/2)" missing-branches="212,266"/>
						<line number="212" hits="0" branch="true" condition-coverage="0% (0/2)" missing-branches="213,216"/>
						<line number="213" hits="0"/>
						<line number="216" hits="0" branch="true" condition-coverage="0% (0/2)" missing-branches="217,222"/>
						<line number="217" hits="0"/>
						<line number="222" hits="0" branch="true" condition-coverage="0% (0/2)" missing-branches="223,226"/>
						<line number="223" hits="0"/>
						<line number="226" hits="0"/>
						<line number="227" hits="0"/>
						<line number="228" hits="0" branch="true" condition-coverage="0% (0/2)" missing-branches="211,230"/>
						<line number="230" hits="0" branch="true" condition-coverage="0% (0/2)" missing-branches="231,252"/>
						<line number="231" hits="0"/>
[...]
						<line number="380" hits="0" branch="true" condition-coverage="0% (0/2)" missing-branches="381,384"/>
						<line number="381" hits="0"/>
						<line number="384" hits="0"/>
						<line number="386" hits="0" branch="true" condition-coverage="0% (0/2)" missing-branches="387,390"/>
						<line number="387" hits="0"/>
						<line number="390" hits="0"/>
						<line number="391" hits="0" branch="true" condition-coverage="0% (0/2)" missing-branches="392,395"/>
						<line number="392" hits="0"/>
						<line number="395" hits="0" branch="true" condition-coverage="0% (0/2)" missing-branches="396,398"/>
						<line number="396" hits="0"/>
						<line number="398" hits="0"/>
						<line number="401" hits="0"/>
						<line number="411" hits="0" branch="true" condition-coverage="0% (0/2)" missing-branches="412,413"/>
						<line number="412" hits="0"/>
						<line number="413" hits="0" branch="true" condition-coverage="0% (0/2)" missing-branches="414,418"/>
						<line number="414" hits="0"/>
						<line number="415" hits="0"/>
						<line number="416" hits="0"/>
						<line number="418" hits="0"/>
						<line number="419" hits="0"/>
						<line number="420" hits="0"/>
						<line number="423" hits="0"/>
						<line number="435" hits="0" branch="true" condition-coverage="0% (0/2)" missing-branches="436,438"/>
						<line number="436" hits="0"/>
						<line number="438" hits="0"/>
						<line number="441" hits="0"/>
						<line number="452" hits="0" branch="true" condition-coverage="0% (0/2)" missing-branches="exit,453"/>
						<line number="453" hits="0"/>
						<line number="454" hits="0"/>
						<line number="455" hits="0"/>
						<line number="460" hits="0"/>
						<line number="471" hits="0"/>
						<line number="472" hits="0"/>
						<line number="475" hits="0"/>
						<line number="486" hits="0"/>
						<line number="487" hits="0"/>
						<line number="490" hits="0"/>
						<line number="501" hits="0"/>
						<line number="505" hits="0"/>
						<line number="566" hits="0"/>
						<line number="573" hits="0" branch="true" condition-coverage="0% (0/2)" missing-branches="574,576"/>
						<line number="574" hits="0"/>
						<line number="576" hits="0"/>
						<line number="577" hits="0"/>
						<line number="578" hits="0"/>
						<line number="581" hits="0"/>
						<line number="582" hits="0"/>
						<line number="583" hits="0" branch="true" condition-coverage="0% (0/2)" missing-branches="exit,584"/>
						<line number="584" hits="0"/>
						<line number="587" hits="0"/>
						<line number="597" hits="0"/>
						<line number="599" hits="0" branch="true" condition-coverage="0% (0/2)" missing-branches="600,601"/>
						<line number="600" hits="0"/>
						<line number="601" hits="0" branch="true" condition-coverage="0% (0/2)" missing-branches="602,603"/>
						<line number="602" hits="0"/>
						<line number="603" hits="0" branch="true" condition-coverage="0% (0/2)" missing-branches="604,605"/>
						<line number="604" hits="0"/>
						<line number="605" hits="0" branch="true" condition-coverage="0% (0/2)" missing-branches="606,607"/>
						<line number="606" hits="0"/>
						<line number="607" hits="0" branch="true" condition-coverage="0% (0/2)" missing-branches="608,609"/>
						<line number="608" hits="0"/>
						<line number="609" hits="0" branch="true" condition-coverage="0% (0/2)" missing-branches="610,611"/>
						<line number="610" hits="0"/>
						<line number="611" hits="0" branch="true" condition-coverage="0% (0/2)" missing-branches="612,614"/>
						<line number="612" hits="0"/>
						<line number="614" hits="0"/>
						<line number="617" hits="0"/>
						<line number="619" hits="0"/>
						<line number="621" hits="0"/>
						<line number="622" hits="0"/>
						<line number="623" hits="0"/>
						<line number="624" hits="0"/>
						<line number="626" hits="0"/>
						<line number="627" hits="0"/>
						<line number="628" hits="0"/>
						<line number="629" hits="0"/>
						<line number="631" hits="0"/>
						<line number="632" hits="0"/>
						<line number="633" hits="0"/>
						<line number="634" hits="0"/>
						<line number="635" hits="0"/>
						<line number="636" hits="0"/>
						<line number="638" hits="0"/>
						<line number="641" hits="0"/>
						<line number="644" hits="0"/>
						<line number="645" hits="0"/>
						<line number="646" hits="0"/>
						<line number="647" hits="0"/>
					</lines>
				</class>
				<class name="vscan_api.py" filename="vscan_api.py" complexity="0" line-rate="0" branch-rate="0">
					<methods/>
					<lines>
						<line number="9" hits="0"/>
						<line number="10" hits="0"/>
						<line number="11" hits="0"/>
						<line number="12" hits="0"/>
						<line number="13" hits="0"/>
						<line number="15" hits="0"/>
						<line number="16" hits="0"/>
						<line number="32" hits="0"/>
						<line number="35" hits="0"/>
						<line number="36" hits="0"/>
						<line number="40" hits="0"/>
						<line number="62" hits="0"/>
						<line number="63" hits="0"/>
						<line number="64" hits="0"/>
						<line number="65" hits="0"/>
						<line number="66" hits="0"/>
						<line number="67" hits="0"/>
						<line number="68" hits="0"/>
						<line number="69" hits="0"/>
						<line number="72" hits="0"/>
						<line number="82" hits="0"/>
						<line number="84" hits="0"/>
						<line number="85" hits="0" branch="true" condition-coverage="0% (0/2)" missing-branches="86,87"/>
						<line number="86" hits="0"/>
						<line number="87" hits="0"/>
						<line number="89" hits="0"/>
						<line number="103" hits="0" branch="true" condition-coverage="0% (0/2)" missing-branches="104,107"/>
						<line number="104" hits="0"/>
						<line number="107" hits="0" branch="true" condition-coverage="0% (0/2)" missing-branches="108,111"/>
						<line number="108" hits="0"/>
						<line number="111" hits="0" branch="true" condition-coverage="0% (0/2)" missing-branches="112,115"/>
						<line number="112" hits="0"/>
						<line number="115" hits="0" branch="true" condition-coverage="0% (0/2)" missing-branches="116,120"/>
						<line number="116" hits="0" branch="true" condition-coverage="0% (0/2)" missing-branches="117,120"/>
						<line number="117" hits="0"/>
						<line number="120" hits="0"/>
						<line number="121" hits="0" branch="true" condition-coverage="0% (0/2)" missing-branches="122,126"/>
						<line number="122" hits="0" branch="true" condition-coverage="0% (0/2)" missing-branches="121,123"/>
						<line number="123" hits="0"/>
						<line number="126" hits="0"/>
						<line number="128" hits="0"/>
						<line number="144" hits="0"/>
						<line number="145" hits="0"/>
						<line number="148" hits="0" branch="true" condition-coverage="0% (0/2)" missing-branches="149,153"/>
						<line number="149" hits="0"/>
						<line number="153" hits="0"/>
						<line number="156" hits="0"/>
						<line number="157" hits="0"/>
						<line number="160" hits="0"/>
						<line number="162" hits="0"/>
						<line number="174" hits="0" branch="true" condition-coverage="0% (0/2)" missing-branches="exit,175"/>
						<line number="175" hits="0"/>
						<line number="177" hits="0"/>
						<line number="178" hits="0"/>
						<line number="180" hits="0"/>
						<line number="204" hits="0"/>
						<line number="205" hits="0"/>
						<line number="207" hits="0" branch="true" condition-coverage="0% (0/2)" missing-branches="208,252"/>
						<line number="208" hits="0"/>
						<line number="210" hits="0"/>
						<line number="212" hits="0"/>
						<line number="213" hits="0"/>
						<line number="216" hits="0" branch="true" condition-coverage="0% (0/2)" missing-branches="217,221"/>
						<line number="217" hits="0"/>
						<line number="218" hits="0"/>
						<line number="221" hits="0"/>
						<line number="222" hits="0" branch="true" condition-coverage="0% (0/2)" missing-branches="223,232"/>
						<line number="223" hits="0"/>
						<line number="225" hits="0"/>
						<line number="226" hits="0" branch="true" condition-coverage="0% (0/2)" missing-branches="227,232"/>
						<line number="227" hits="0"/>
						<line number="228" hits="0"/>
						<line number="229" hits="0"/>
						<line number="230" hits="0"/>
						<line number="232" hits="0" branch="true" condition-coverage="0% (0/2)" missing-branches="234,237"/>
						<line number="234" hits="0"/>
						<line number="237" hits="0"/>
						<line number="240" hits="0"/>
						<line number="243" hits="0"/>
						<line number="246" hits="0"/>
						<line number="249" hits="0"/>
						<line number="252" hits="0"/>
						<line number="253" hits="0"/>
						<line number="255" hits="0"/>
						<line number="278" hits="0" branch="true" condition-coverage="0% (0/2)" missing-branches="279,281"/>
						<line number="279" hits="0"/>
						<line number="281" hits="0"/>
						<line number="283" hits="0" branch="true" condition-coverage="0% (0/2)" missing-branches="284,287"/>
						<line number="284" hits="0"/>
						<line number="285" hits="0"/>
						<line number="287" hits="0"/>
						<line number="289" hits="0"/>
						<line number="293" hits="0"/>
						<line number="294" hits="0"/>
						<line number="297" hits="0"/>
						<line number="300" hits="0"/>
						<line number="301" hits="0"/>
						<line number="302" hits="0"/>
						<line number="304" hits="0"/>
						<line number="305" hits="0"/>
						<line number="306" hits="0" branch="true" condition-coverage="0% (0/2)" missing-branches="307,309"/>
						<line number="307" hits="0"/>
						<line number="309" hits="0"/>
						<line number="310" hits="0" branch="true" condition-coverage="0% (0/2)" missing-branches="311,315"/>
						<line number="311" hits="0"/>
						<line number="315" hits="0"/>
						<line number="317" hits="0"/>
						<line number="319" hits="0"/>
						<line number="320" hits="0"/>
						<line number="321" hits="0"/>
						<line number="322" hits="0"/>
						<line number="324" hits="0"/>
						<line number="326" hits="0"/>
						<line number="327" hits="0"/>
						<line number="328" hits="0"/>
						<line number="330" hits="0"/>
						<line number="331" hits="0"/>
						<line number="332" hits="0"/>
						<line number="333" hits="0"/>
						<line number="335" hits="0" branch="true" condition-coverage="0% (0/2)" missing-branches="336,337"/>
						<line number="336" hits="0"/>
						<line number="337" hits="0" branch="true" condition-coverage="0% (0/2)" missing-branches="338,339"/>
						<line number="338" hits="0"/>
						<line number="339" hits="0" branch="true" condition-coverage="0% (0/2)" missing-branches="340,343"/>
						<line number="340" hits="0"/>
						<line number="343" hits="0"/>
						<line number="344" hits="0"/>
						<line number="349" hits="0"/>
						<line number="351" hits="0"/>
						<line number="352" hits="0"/>
						<line number="353" hits="0" branch="true" condition-coverage="0% (0/2)" missing-branches="354,358"/>
						<line number="354" hits="0"/>
						<line number="358" hits="0"/>
						<line number="359" hits="0"/>
						<line number="361" hits="0"/>
						<line number="363" hits="0"/>
						<line number="364" hits="0"/>
						<line number="366" hits="0"/>
						<line number="380" hits="0"/>
						<line number="382" hits="0"/>
						<line number="383" hits="0"/>
						<line number="385" hits="0"/>
						<line number="389" hits="0" branch="true" condition-coverage="0% (0/2)" missing-branches="390,393"/>
						<line number="390" hits="0"/>
						<line number="393" hits="0"/>
						<line number="394" hits="0"/>
						<line number="399" hits="0"/>
						<line number="401" hits="0"/>
						<line number="414" hits="0"/>
						<line number="416" hits="0"/>
						<line number="417" hits="0"/>
						<line number="419" hits="0" branch="true" condition-coverage="0% (0/2)" missing-branches="420,423"/>
						<line number="420" hits="0"/>
						<line number="423" hits="0"/>
						<line number="424" hits="0"/>
						<line number="429" hits="0"/>
						<line number="431" hits="0"/>
						<line number="444" hits="0"/>
						<line number="446" hits="0"/>
						<line number="447" hits="0"/>
						<line number="449" hits="0" branch="true" condition-coverage="0% (0/2)" missing-branches="450,453"/>
						<line number="450" hits="0"/>
						<line number="453" hits="0"/>
						<line number="454" hits="0"/>
						<line number="459" hits="0"/>
						<line number="461" hits="0"/>
						<line number="483" hits="0"/>
						<line number="484" hits="0"/>
						<line number="486" hits="0"/>
						<line number="487" hits="0"/>
						<line number="489" hits="0" branch="true" condition-coverage="0% (0/2)" missing-branches="490,492"/>
						<line number="490" hits="0"/>
						<line number="492" hits="0"/>
						<line number="493" hits="0"/>
						<line number="494" hits="0"/>
						<line number="495" hits="0"/>
						<line number="498" hits="0" branch="true" condition-coverage="0% (0/2)" missing-branches="499,502"/>
						<line number="499" hits="0"/>
						<line number="500" hits="0"/>
						<line number="502" hits="0" branch="true" condition-coverage="0% (0/2)" missing-branches="503,504"/>
						<line number="503" hits="0"/>
						<line number="504" hits="0" branch="true" condition-coverage="0% (0/2)" missing-branches="505,508"/>
						<line number="505" hits="0"/>
						<line number="508" hits="0"/>
						<line number="510" hits="0"/>
						<line number="520" hits="0"/>
						<line number="522" hits="0"/>
						<line number="523" hits="0"/>
						<line number="524" hits="0"/>
						<line number="525" hits="0"/>
						<line number="526" hits="0"/>
						<line number="529" hits="0"/>
						<line number="530" hits="0"/>
						<line number="531" hits="0"/>
						<line number="532" hits="0"/>
						<line number="535" hits="0"/>
						<line number="536" hits="0"/>
						<line number="544" hits="0"/>
						<line number="545" hits="0"/>
						<line number="546" hits="0"/>
						<line number="547" hits="0"/>
						<line number="550" hits="0"/>
						<line number="551" hits="0"/>
						<line number="552" hits="0"/>
						<line number="555" hits="0"/>
						<line number="556" hits="0"/>
						<line number="564" hits="0"/>
						<line number="567" hits="0"/>
						<line number="568" hits="0"/>
						<line number="570" hits="0"/>
						<line number="574" hits="0"/>
						<line number="576" hits="0"/>
						<line number="586" hits="0"/>
						<line number="588" hits="0"/>
						<line number="589" hits="0"/>
						<line number="592" hits="0"/>
						<line number="593" hits="0"/>
						<line number="596" hits="0"/>
						<line number="597" hits="0"/>
						<line number="613" hits="0"/>
						<line number="614" hits="0"/>
						<line number="629" hits="0"/>
						<line number="631" hits="0"/>
						<line number="635" hits="0"/>
						<line number="637" hits="0"/>
						<line number="647" hits="0"/>
						<line number="658" hits="0"/>
						<line number="659" hits="0"/>
						<line number="660" hits="0"/>
						<line number="661" hits="0"/>
						<line number="664" hits="0"/>
						<line number="665" hits="0"/>
						<line number="675" hits="0" branch="true" condition-coverage="0% (0/2)" missing-branches="676,709"/>
						<line number="676" hits="0"/>
						<line number="685" hits="0"/>
						<line number="688" hits="0" branch="true" condition-coverage="0% (0/2)" missing-branches="689,690"/>
						<line number="689" hits="0"/>
						<line number="690" hits="0" branch="true" condition-coverage="0% (0/2)" missing-branches="691,694"/>
						<line number="691" hits="0"/>
						<line number="694" hits="0"/>
						<line number="695" hits="0" branch="true" condition-coverage="0% (0/2)" missing-branches="696,697"/>
						<line number="696" hits="0"/>
						<line number="697" hits="0" branch="true" condition-coverage="0% (0/2)" missing-branches="698,699"/>
						<line number="698" hits="0"/>
						<line number="699" hits="0" branch="true" condition-coverage="0% (0/2)" missing-branches="700,703"/>
						<line number="700" hits="0"/>
						<line number="703" hits="0" branch="true" condition-coverage="0% (0/2)" missing-branches="675,707"/>
						<line number="707" hits="0"/>
						<line number="709" hits="0"/>
						<line number="711" hits="0"/>
						<line number="715" hits="0"/>
						<line number="717" hits="0"/>
						<line number="727" hits="0"/>
						<line number="729" hits="0"/>
						<line number="730" hits="0"/>
						<line number="731" hits="0"/>
						<line number="732" hits="0"/>
						<line number="734" hits="0" branch="true" condition-coverage="0% (0/2)" missing-branches="735,747"/>
						<line number="735" hits="0"/>
						<line number="743" hits="0"/>
						<line number="747" hits="0"/>
						<line number="749" hits="0"/>
						<line number="773" hits="0"/>
						<line number="798" hits="0"/>
						<line number="800" hits="0"/>
						<line number="803" hits="0"/>
						<line number="810" hits="0" branch="true" condition-coverage="0% (0/2)" missing-branches="811,815"/>
						<line number="811" hits="0"/>
						<line number="812" hits="0"/>
						<line number="815" hits="0"/>
						<line number="818" hits="0" branch="true" condition-coverage="0% (0/2)" missing-branches="819,820"/>
						<line number="819" hits="0"/>
						<line number="820" hits="0"/>
						<line number="823" hits="0"/>
						<line number="824" hits="0"/>
						<line number="825" hits="0"/>
						<line number="826" hits="0"/>
						<line number="829" hits="0" branch="true" condition-coverage="0% (0/2)" missing-branches="830,833"/>
						<line number="830" hits="0"/>
						<line number="831" hits="0"/>
						<line number="833" hits="0" branch="true" condition-coverage="0% (0/2)" missing-branches="834,846"/>
						<line number="834" hits="0"/>
						<line number="835" hits="0"/>
						<line number="837" hits="0"/>
						<line number="846" hits="0" branch="true" condition-coverage="0% (0/2)" missing-branches="847,850"/>
						<line number="847" hits="0"/>
						<line number="850" hits="0"/>
						<line number="852" hits="0"/>
						<line number="854" hits="0"/>
						<line number="855" hits="0"/>
						<line number="856" hits="0"/>
						<line number="858" hits="0"/>
						<line number="860" hits="0"/>
						<line number="873" hits="0"/>
						<line number="875" hits="0"/>
						<line number="888" hits="0" branch="true" condition-coverage="0% (0/2)" missing-branches="889,891"/>
						<line number="889" hits="0"/>
						<line number="891" hits="0"/>
						<line number="894" hits="0" branch="true" condition-coverage="0% (0/2)" missing-branches="895,898"/>
						<line number="895" hits="0" branch="true" condition-coverage="0% (0/2)" missing-branches="894,896"/>
						<line number="896" hits="0"/>
						<line number="898" hits="0"/>
						<line number="900" hits="0"/>
						<line number="922" hits="0"/>
						<line number="924" hits="0" branch="true" condition-coverage="0% (0/2)" missing-branches="926,973"/>
						<line number="926" hits="0"/>
						<line number="931" hits="0" branch="true" condition-coverage="0% (0/2)" missing-branches="933,938"/>
						<line number="933" hits="0" branch="true" condition-coverage="0% (0/2)" missing-branches="934,935"/>
						<line number="934" hits="0"/>
						<line number="935" hits="0"/>
						<line number="938" hits="0"/>
						<line number="939" hits="0"/>
						<line number="942" hits="0" branch="true" condition-coverage="0% (0/2)" missing-branches="944,948"/>
						<line number="944" hits="0"/>
						<line number="945" hits="0"/>
						<line number="948" hits="0" branch="true" condition-coverage="0% (0/2)" missing-branches="950,953"/>
						<line number="950" hits="0"/>
						<line number="953" hits="0"/>
						<line number="956" hits="0"/>
						<line number="959" hits="0" branch="true" condition-coverage="0% (0/2)" missing-branches="960,970"/>
						<line number="960" hits="0"/>
						<line number="962" hits="0"/>
						<line number="967" hits="0"/>
						<line number="970" hits="0"/>
						<line number="973" hits="0"/>
					</lines>
				</class>
			</classes>
		</package>
	</packages>
</coverage>
